Started GET "/repositories/golemfactory/clay/commit/a1bf367b3af680b1182cc52bb77ba095764a11f9" for ::1 at 2023-11-27 12:26:37 +0530
  [1m[35m (0.5ms)[0m  [1m[34mSELECT sqlite_version(*)[0m
Processing by CommitController#show as HTML
  Parameters: {"owner"=>"golemfactory", "repository"=>"clay", "commit_sha"=>"a1bf367b3af680b1182cc52bb77ba095764a11f9"}
Completed 200 OK in 854ms (Views: 2.6ms | ActiveRecord: 0.0ms | Allocations: 71202)


Started GET "/repositories/golemfactory/clay/commit/a1bf367b3af680b1182cc52bb77ba095764a11f9" for ::1 at 2023-11-27 12:33:20 +0530
Processing by CommitController#show as HTML
  Parameters: {"owner"=>"golemfactory", "repository"=>"clay", "commit_sha"=>"a1bf367b3af680b1182cc52bb77ba095764a11f9"}
Completed 200 OK in 1382ms (Views: 2.8ms | Allocations: 20547)


Started GET "/repositories/golemfactory/clay/commit/a1bf367b3af680b1182cc52bb77ba095764a11f9" for ::1 at 2023-11-27 12:56:46 +0530
  [1m[35m (0.7ms)[0m  [1m[34mSELECT sqlite_version(*)[0m
Processing by CommitsController#show as */*
  Parameters: {"owner"=>"golemfactory", "repository"=>"clay", "commit_sha"=>"a1bf367b3af680b1182cc52bb77ba095764a11f9"}
Completed 200 OK in 1318ms (Views: 5.8ms | ActiveRecord: 0.0ms | Allocations: 85103)


Started GET "/repositories/golemfactory/clay/commits/a1bf367b3af680b1182cc52bb77ba095764a11f9" for ::1 at 2023-11-27 12:56:57 +0530
  
ActionController::RoutingError (No route matches [GET] "/repositories/golemfactory/clay/commits/a1bf367b3af680b1182cc52bb77ba095764a11f9"):
  
Started GET "/repositories/golemfactory/clay/commits/a1bf367b3af680b1182cc52bb77ba095764a11f9" for ::1 at 2023-11-27 12:57:00 +0530
  
ActionController::RoutingError (No route matches [GET] "/repositories/golemfactory/clay/commits/a1bf367b3af680b1182cc52bb77ba095764a11f9"):
  
Started GET "/repositories/golemfactory/clay/commit/a1bf367b3af680b1182cc52bb77ba095764a11f9" for ::1 at 2023-11-27 12:57:19 +0530
Processing by CommitsController#show as */*
  Parameters: {"owner"=>"golemfactory", "repository"=>"clay", "commit_sha"=>"a1bf367b3af680b1182cc52bb77ba095764a11f9"}
Completed 200 OK in 1338ms (Views: 5.3ms | ActiveRecord: 0.0ms | Allocations: 20497)


Started GET "/repositories/golemfactory/clay/commit/a1bf367b3af680b1182cc52bb77ba095764a11f9" for ::1 at 2023-11-27 14:46:58 +0530
  [1m[35m (0.5ms)[0m  [1m[34mSELECT sqlite_version(*)[0m
  
Zeitwerk::NameError (expected file /home/sonu/homme2/rails_work/git_commit_diff/app/controllers/commits_controller.rb to define constant CommitsController, but didn't):
  
zeitwerk (2.6.12) lib/zeitwerk/loader/callbacks.rb:33:in `on_file_autoloaded'
zeitwerk (2.6.12) lib/zeitwerk/kernel.rb:31:in `require'
activesupport (6.1.7.6) lib/active_support/inflector/methods.rb:273:in `const_get'
activesupport (6.1.7.6) lib/active_support/inflector/methods.rb:273:in `constantize'
activesupport (6.1.7.6) lib/active_support/dependencies/zeitwerk_integration.rb:19:in `constantize'
actionpack (6.1.7.6) lib/action_dispatch/http/request.rb:93:in `controller_class_for'
actionpack (6.1.7.6) lib/action_dispatch/request/utils.rb:95:in `action_encoding_template'
actionpack (6.1.7.6) lib/action_dispatch/request/utils.rb:83:in `encode'
actionpack (6.1.7.6) lib/action_dispatch/request/utils.rb:45:in `set_binary_encoding'
actionpack (6.1.7.6) lib/action_dispatch/http/parameters.rb:68:in `path_parameters='
actionpack (6.1.7.6) lib/action_dispatch/journey/router.rb:48:in `block in serve'
actionpack (6.1.7.6) lib/action_dispatch/journey/router.rb:32:in `each'
actionpack (6.1.7.6) lib/action_dispatch/journey/router.rb:32:in `serve'
actionpack (6.1.7.6) lib/action_dispatch/routing/route_set.rb:842:in `call'
rack (2.2.8) lib/rack/tempfile_reaper.rb:15:in `call'
rack (2.2.8) lib/rack/etag.rb:27:in `call'
rack (2.2.8) lib/rack/conditional_get.rb:27:in `call'
rack (2.2.8) lib/rack/head.rb:12:in `call'
actionpack (6.1.7.6) lib/action_dispatch/http/permissions_policy.rb:22:in `call'
actionpack (6.1.7.6) lib/action_dispatch/http/content_security_policy.rb:19:in `call'
rack (2.2.8) lib/rack/session/abstract/id.rb:266:in `context'
rack (2.2.8) lib/rack/session/abstract/id.rb:260:in `call'
actionpack (6.1.7.6) lib/action_dispatch/middleware/cookies.rb:697:in `call'
activerecord (6.1.7.6) lib/active_record/migration.rb:601:in `call'
actionpack (6.1.7.6) lib/action_dispatch/middleware/callbacks.rb:27:in `block in call'
activesupport (6.1.7.6) lib/active_support/callbacks.rb:98:in `run_callbacks'
actionpack (6.1.7.6) lib/action_dispatch/middleware/callbacks.rb:26:in `call'
actionpack (6.1.7.6) lib/action_dispatch/middleware/executor.rb:14:in `call'
actionpack (6.1.7.6) lib/action_dispatch/middleware/actionable_exceptions.rb:18:in `call'
actionpack (6.1.7.6) lib/action_dispatch/middleware/debug_exceptions.rb:29:in `call'
web-console (4.2.1) lib/web_console/middleware.rb:132:in `call_app'
web-console (4.2.1) lib/web_console/middleware.rb:28:in `block in call'
web-console (4.2.1) lib/web_console/middleware.rb:17:in `catch'
web-console (4.2.1) lib/web_console/middleware.rb:17:in `call'
actionpack (6.1.7.6) lib/action_dispatch/middleware/show_exceptions.rb:33:in `call'
railties (6.1.7.6) lib/rails/rack/logger.rb:37:in `call_app'
railties (6.1.7.6) lib/rails/rack/logger.rb:26:in `block in call'
activesupport (6.1.7.6) lib/active_support/tagged_logging.rb:99:in `block in tagged'
activesupport (6.1.7.6) lib/active_support/tagged_logging.rb:37:in `tagged'
activesupport (6.1.7.6) lib/active_support/tagged_logging.rb:99:in `tagged'
railties (6.1.7.6) lib/rails/rack/logger.rb:26:in `call'
sprockets-rails (3.4.2) lib/sprockets/rails/quiet_assets.rb:13:in `call'
actionpack (6.1.7.6) lib/action_dispatch/middleware/remote_ip.rb:81:in `call'
actionpack (6.1.7.6) lib/action_dispatch/middleware/request_id.rb:26:in `call'
rack (2.2.8) lib/rack/method_override.rb:24:in `call'
rack (2.2.8) lib/rack/runtime.rb:22:in `call'
activesupport (6.1.7.6) lib/active_support/cache/strategy/local_cache_middleware.rb:29:in `call'
actionpack (6.1.7.6) lib/action_dispatch/middleware/executor.rb:14:in `call'
actionpack (6.1.7.6) lib/action_dispatch/middleware/static.rb:24:in `call'
rack (2.2.8) lib/rack/sendfile.rb:110:in `call'
actionpack (6.1.7.6) lib/action_dispatch/middleware/host_authorization.rb:148:in `call'
rack-mini-profiler (2.3.4) lib/mini_profiler/profiler.rb:393:in `call'
webpacker (5.4.4) lib/webpacker/dev_server_proxy.rb:25:in `perform_request'
rack-proxy (0.7.7) lib/rack/proxy.rb:87:in `call'
railties (6.1.7.6) lib/rails/engine.rb:539:in `call'
puma (5.6.7) lib/puma/configuration.rb:252:in `call'
puma (5.6.7) lib/puma/request.rb:77:in `block in handle_request'
puma (5.6.7) lib/puma/thread_pool.rb:340:in `with_force_shutdown'
puma (5.6.7) lib/puma/request.rb:76:in `handle_request'
puma (5.6.7) lib/puma/server.rb:443:in `process_client'
puma (5.6.7) lib/puma/thread_pool.rb:147:in `block in spawn_thread'
Started GET "/repositories/golemfactory/clay/commit/a1bf367b3af680b1182cc52bb77ba095764a11f9" for ::1 at 2023-11-27 14:47:47 +0530
  
TypeError (superclass mismatch for class CommitController):
  
app/controllers/commits_controller.rb:2:in `<main>'
Started GET "/repositories/golemfactory/clay/commit/a1bf367b3af680b1182cc52bb77ba095764a11f9" for ::1 at 2023-11-27 14:48:50 +0530
  [1m[35m (0.2ms)[0m  [1m[34mSELECT sqlite_version(*)[0m
Processing by CommitsController#show as */*
  Parameters: {"owner"=>"golemfactory", "repository"=>"clay", "commit_sha"=>"a1bf367b3af680b1182cc52bb77ba095764a11f9"}
Completed 200 OK in 33659ms (Views: 1.4ms | ActiveRecord: 0.0ms | Allocations: 106509)


Started GET "/repositories/golemfactory/clay/commit/a1bf367b3af680b1182cc52bb77ba095764a11f9" for ::1 at 2023-11-27 14:49:44 +0530
Processing by CommitsController#show as */*
  Parameters: {"owner"=>"golemfactory", "repository"=>"clay", "commit_sha"=>"a1bf367b3af680b1182cc52bb77ba095764a11f9"}
Completed 200 OK in 1119ms (Views: 0.6ms | Allocations: 17260)


Started GET "/repositories/golemfactory/clay/commit/a1bf367b3af680b1182cc52bb77ba095764a11f9" for ::1 at 2023-11-27 14:50:23 +0530
Processing by CommitsController#show as */*
  Parameters: {"owner"=>"golemfactory", "repository"=>"clay", "commit_sha"=>"a1bf367b3af680b1182cc52bb77ba095764a11f9"}
Completed 200 OK in 394736ms (Views: 2.2ms | Allocations: 20642)


Started GET "/repositories/golemfactory/clay/commit/a1bf367b3af680b1182cc52bb77ba095764a11f9" for ::1 at 2023-11-27 14:57:12 +0530
  [1m[35m (0.2ms)[0m  [1m[34mSELECT sqlite_version(*)[0m
Processing by CommitsController#show as */*
  Parameters: {"owner"=>"golemfactory", "repository"=>"clay", "commit_sha"=>"a1bf367b3af680b1182cc52bb77ba095764a11f9"}
Completed 200 OK in 1196ms (Views: 2.5ms | ActiveRecord: 0.0ms | Allocations: 38877)


Started GET "/repositories/golemfactory/clay/commit/a1bf367b3af680b1182cc52bb77ba095764a11f9" for ::1 at 2023-11-27 14:59:47 +0530
Processing by CommitsController#show as */*
  Parameters: {"owner"=>"golemfactory", "repository"=>"clay", "commit_sha"=>"a1bf367b3af680b1182cc52bb77ba095764a11f9"}
Completed 200 OK in 1224ms (Views: 2.1ms | Allocations: 15789)


Started GET "/repositories/golemfactory/clay/commit/a1bf367b3af680b1182cc52bb77ba095764a11f9" for ::1 at 2023-11-27 15:00:31 +0530
Processing by CommitsController#show as */*
  Parameters: {"owner"=>"golemfactory", "repository"=>"clay", "commit_sha"=>"a1bf367b3af680b1182cc52bb77ba095764a11f9"}
Completed 200 OK in 932ms (Views: 1.7ms | Allocations: 15531)


Started GET "/repositories/golemfactory/clay/commit/a1bf367b3af680b1182cc52bb77ba095764a11f9" for ::1 at 2023-11-27 15:30:48 +0530
Processing by CommitsController#show as */*
  Parameters: {"owner"=>"golemfactory", "repository"=>"clay", "commit_sha"=>"a1bf367b3af680b1182cc52bb77ba095764a11f9"}
Completed 200 OK in 1638ms (Views: 2.0ms | Allocations: 16417)


Started GET "/repositories/golemfactory/clay/commit/a1bf367b3af680b1182cc52bb77ba095764a11f9" for ::1 at 2023-11-27 15:40:06 +0530
Processing by CommitsController#show as */*
  Parameters: {"owner"=>"golemfactory", "repository"=>"clay", "commit_sha"=>"a1bf367b3af680b1182cc52bb77ba095764a11f9"}
Completed 200 OK in 918669ms (Views: 4.3ms | Allocations: 50225)


Started GET "/repositories/golemfactory/clay/commit/a1bf367b3af680b1182cc52bb77ba095764a11f9" for ::1 at 2023-11-27 16:11:58 +0530
  [1m[35m (0.3ms)[0m  [1m[34mSELECT sqlite_version(*)[0m
Processing by CommitsController#show as */*
  Parameters: {"owner"=>"golemfactory", "repository"=>"clay", "commit_sha"=>"a1bf367b3af680b1182cc52bb77ba095764a11f9"}
Completed 200 OK in 1066ms (Views: 2.1ms | ActiveRecord: 0.0ms | Allocations: 39551)


Started GET "/repositories/golemfactory/clay/commit/a1bf367b3af680b1182cc52bb77ba095764a11f9" for ::1 at 2023-11-27 16:14:26 +0530
Processing by CommitsController#show as */*
  Parameters: {"owner"=>"golemfactory", "repository"=>"clay", "commit_sha"=>"a1bf367b3af680b1182cc52bb77ba095764a11f9"}
Completed 200 OK in 1703ms (Views: 2.0ms | Allocations: 16296)


Started GET "/repositories/golemfactory/clay/commit/a1bf367b3af680b1182cc52bb77ba095764a11f9" for ::1 at 2023-11-27 16:24:21 +0530
Processing by CommitsController#show as */*
  Parameters: {"owner"=>"golemfactory", "repository"=>"clay", "commit_sha"=>"a1bf367b3af680b1182cc52bb77ba095764a11f9"}
Completed 200 OK in 980ms (Views: 1.8ms | Allocations: 15608)


Started GET "/repositories/golemfactory/clay/commit/a1bf367b3af680b1182cc52bb77ba095764a11f9" for ::1 at 2023-11-27 16:29:30 +0530
Processing by CommitsController#show as */*
  Parameters: {"owner"=>"golemfactory", "repository"=>"clay", "commit_sha"=>"a1bf367b3af680b1182cc52bb77ba095764a11f9"}
Completed 200 OK in 1439ms (Views: 0.6ms | Allocations: 15647)


Started GET "/repositories/golemfactory/clay/commit/a1bf367b3af680b1182cc52bb77ba095764a11f9" for ::1 at 2023-11-27 16:31:17 +0530
Processing by CommitsController#show as */*
  Parameters: {"owner"=>"golemfactory", "repository"=>"clay", "commit_sha"=>"a1bf367b3af680b1182cc52bb77ba095764a11f9"}
Completed 200 OK in 1637ms (Views: 1.6ms | Allocations: 15660)


Started GET "/repositories/golemfactory/clay/commit/a1bf367b3af680b1182cc52bb77ba095764a11f9" for ::1 at 2023-11-27 16:34:26 +0530
  
SyntaxError (/home/sonu/homme2/rails_work/git_commit_diff/app/controllers/commits_controller.rb:88: syntax error, unexpected end, expecting tSTRING_DEND
      end
      ^~~):
  
app/controllers/commits_controller.rb:88: syntax error, unexpected end, expecting tSTRING_DEND
app/controllers/commits_controller.rb:88: syntax error, unexpected end, expecting tSTRING_DEND
Started GET "/repositories/golemfactory/clay/commit/a1bf367b3af680b1182cc52bb77ba095764a11f9" for ::1 at 2023-11-27 16:34:59 +0530
  
SyntaxError (/home/sonu/homme2/rails_work/git_commit_diff/app/controllers/commits_controller.rb:88: syntax error, unexpected end, expecting tSTRING_DEND
      end
      ^~~):
  
app/controllers/commits_controller.rb:88: syntax error, unexpected end, expecting tSTRING_DEND
app/controllers/commits_controller.rb:88: syntax error, unexpected end, expecting tSTRING_DEND
Started GET "/repositories/golemfactory/clay/commit/a1bf367b3af680b1182cc52bb77ba095764a11f9" for ::1 at 2023-11-27 16:35:34 +0530
  
SyntaxError (/home/sonu/homme2/rails_work/git_commit_diff/app/controllers/commits_controller.rb:88: syntax error, unexpected end, expecting tSTRING_DEND
      end
      ^~~):
  
app/controllers/commits_controller.rb:88: syntax error, unexpected end, expecting tSTRING_DEND
app/controllers/commits_controller.rb:88: syntax error, unexpected end, expecting tSTRING_DEND
Started GET "/repositories/golemfactory/clay/commit/a1bf367b3af680b1182cc52bb77ba095764a11f9" for ::1 at 2023-11-27 16:35:35 +0530
  
SyntaxError (/home/sonu/homme2/rails_work/git_commit_diff/app/controllers/commits_controller.rb:88: syntax error, unexpected end, expecting tSTRING_DEND
      end
      ^~~):
  
app/controllers/commits_controller.rb:88: syntax error, unexpected end, expecting tSTRING_DEND
app/controllers/commits_controller.rb:88: syntax error, unexpected end, expecting tSTRING_DEND
Started GET "/repositories/golemfactory/clay/commit/a1bf367b3af680b1182cc52bb77ba095764a11f9" for ::1 at 2023-11-27 16:36:07 +0530
  
SyntaxError (/home/sonu/homme2/rails_work/git_commit_diff/app/controllers/commits_controller.rb:88: syntax error, unexpected end, expecting tSTRING_DEND
  end
  ^~~):
  
app/controllers/commits_controller.rb:88: syntax error, unexpected end, expecting tSTRING_DEND
app/controllers/commits_controller.rb:88: syntax error, unexpected end, expecting tSTRING_DEND
Started GET "/repositories/golemfactory/clay/commit/a1bf367b3af680b1182cc52bb77ba095764a11f9" for ::1 at 2023-11-27 16:36:28 +0530
  
SyntaxError (/home/sonu/homme2/rails_work/git_commit_diff/app/controllers/commits_controller.rb:88: syntax error, unexpected end, expecting tSTRING_DEND
  end
  ^~~):
  
app/controllers/commits_controller.rb:88: syntax error, unexpected end, expecting tSTRING_DEND
app/controllers/commits_controller.rb:88: syntax error, unexpected end, expecting tSTRING_DEND
Started GET "/repositories/golemfactory/clay/commit/a1bf367b3af680b1182cc52bb77ba095764a11f9" for ::1 at 2023-11-27 16:36:29 +0530
  
SyntaxError (/home/sonu/homme2/rails_work/git_commit_diff/app/controllers/commits_controller.rb:88: syntax error, unexpected end, expecting tSTRING_DEND
  end
  ^~~):
  
app/controllers/commits_controller.rb:88: syntax error, unexpected end, expecting tSTRING_DEND
app/controllers/commits_controller.rb:88: syntax error, unexpected end, expecting tSTRING_DEND
Started GET "/repositories/golemfactory/clay/commit/a1bf367b3af680b1182cc52bb77ba095764a11f9" for ::1 at 2023-11-27 16:36:53 +0530
  
SyntaxError (/home/sonu/homme2/rails_work/git_commit_diff/app/controllers/commits_controller.rb:88: syntax error, unexpected end, expecting tSTRING_DEND
      end
      ^~~):
  
app/controllers/commits_controller.rb:88: syntax error, unexpected end, expecting tSTRING_DEND
app/controllers/commits_controller.rb:88: syntax error, unexpected end, expecting tSTRING_DEND
Started GET "/repositories/golemfactory/clay/commit/a1bf367b3af680b1182cc52bb77ba095764a11f9" for ::1 at 2023-11-27 16:36:55 +0530
  
SyntaxError (/home/sonu/homme2/rails_work/git_commit_diff/app/controllers/commits_controller.rb:88: syntax error, unexpected end, expecting tSTRING_DEND
      end
      ^~~):
  
app/controllers/commits_controller.rb:88: syntax error, unexpected end, expecting tSTRING_DEND
app/controllers/commits_controller.rb:88: syntax error, unexpected end, expecting tSTRING_DEND
Started GET "/repositories/golemfactory/clay/commit/a1bf367b3af680b1182cc52bb77ba095764a11f9" for ::1 at 2023-11-27 16:37:11 +0530
Processing by CommitsController#show as */*
  Parameters: {"owner"=>"golemfactory", "repository"=>"clay", "commit_sha"=>"a1bf367b3af680b1182cc52bb77ba095764a11f9"}
Completed 200 OK in 1812ms (Views: 1.3ms | Allocations: 15659)


Started GET "/repositories/golemfactory/clay/commit/a1bf367b3af680b1182cc52bb77ba095764a11f9" for ::1 at 2023-11-27 16:37:57 +0530
  
SyntaxError (/home/sonu/homme2/rails_work/git_commit_diff/app/controllers/commits_controller.rb:129: syntax error, unexpected end, expecting tSTRING_DEND
  end
  ^~~):
  
app/controllers/commits_controller.rb:129: syntax error, unexpected end, expecting tSTRING_DEND
app/controllers/commits_controller.rb:129: syntax error, unexpected end, expecting tSTRING_DEND
Started GET "/repositories/golemfactory/clay/commit/a1bf367b3af680b1182cc52bb77ba095764a11f9" for ::1 at 2023-11-27 16:40:49 +0530
  
SyntaxError (/home/sonu/homme2/rails_work/git_commit_diff/app/controllers/commits_controller.rb:88: syntax error, unexpected end, expecting tSTRING_DEND
  end
  ^~~):
  
app/controllers/commits_controller.rb:88: syntax error, unexpected end, expecting tSTRING_DEND
app/controllers/commits_controller.rb:88: syntax error, unexpected end, expecting tSTRING_DEND
Started GET "/repositories/golemfactory/clay/commit/a1bf367b3af680b1182cc52bb77ba095764a11f9" for ::1 at 2023-11-27 16:41:25 +0530
Processing by CommitsController#show as */*
  Parameters: {"owner"=>"golemfactory", "repository"=>"clay", "commit_sha"=>"a1bf367b3af680b1182cc52bb77ba095764a11f9"}
Completed 200 OK in 1212ms (Views: 2.3ms | Allocations: 15638)


Started GET "/repositories/golemfactory/clay/commit/a1bf367b3af680b1182cc52bb77ba095764a11f9" for ::1 at 2023-11-27 16:48:54 +0530
Processing by CommitsController#show as */*
  Parameters: {"owner"=>"golemfactory", "repository"=>"clay", "commit_sha"=>"a1bf367b3af680b1182cc52bb77ba095764a11f9"}
Completed 200 OK in 1436ms (Views: 1.6ms | Allocations: 15707)


Started GET "/repositories/golemfactory/clay/commit/a1bf367b3af680b1182cc52bb77ba095764a11f9" for ::1 at 2023-11-27 16:52:25 +0530
Processing by CommitsController#show as */*
  Parameters: {"owner"=>"golemfactory", "repository"=>"clay", "commit_sha"=>"a1bf367b3af680b1182cc52bb77ba095764a11f9"}
Completed 200 OK in 1378ms (Views: 2.0ms | Allocations: 15618)


Started GET "/repositories/golemfactory/clay/commit/a1bf367b3af680b1182cc52bb77ba095764a11f9" for ::1 at 2023-11-27 16:56:54 +0530
  
NoMethodError (undefined method `format_patch' for CommitsController:Class):
  
app/controllers/commits_controller.rb:99:in `<class:CommitsController>'
app/controllers/commits_controller.rb:1:in `<main>'
Started GET "/repositories/golemfactory/clay/commit/a1bf367b3af680b1182cc52bb77ba095764a11f9" for ::1 at 2023-11-27 16:57:21 +0530
Processing by CommitsController#show as */*
  Parameters: {"owner"=>"golemfactory", "repository"=>"clay", "commit_sha"=>"a1bf367b3af680b1182cc52bb77ba095764a11f9"}
Completed 200 OK in 1416ms (Views: 1.9ms | Allocations: 15806)


Started GET "/repositories/golemfactory/clay/commit/a1bf367b3af680b1182cc52bb77ba095764a11f9" for ::1 at 2023-11-27 17:02:44 +0530
Processing by CommitsController#show as */*
  Parameters: {"owner"=>"golemfactory", "repository"=>"clay", "commit_sha"=>"a1bf367b3af680b1182cc52bb77ba095764a11f9"}
Completed 200 OK in 1748ms (Views: 0.7ms | Allocations: 15756)


Started GET "/repositories/golemfactory/clay/commit/a1bf367b3af680b1182cc52bb77ba095764a11f9" for ::1 at 2023-11-27 17:03:39 +0530
Processing by CommitsController#show as */*
  Parameters: {"owner"=>"golemfactory", "repository"=>"clay", "commit_sha"=>"a1bf367b3af680b1182cc52bb77ba095764a11f9"}
Completed 200 OK in 1525ms (Views: 1.5ms | Allocations: 15763)


Started GET "/repositories/golemfactory/clay/commit/a1bf367b3af680b1182cc52bb77ba095764a11f9" for ::1 at 2023-11-27 17:04:17 +0530
Processing by CommitsController#show as */*
  Parameters: {"owner"=>"golemfactory", "repository"=>"clay", "commit_sha"=>"a1bf367b3af680b1182cc52bb77ba095764a11f9"}
Completed 200 OK in 1095ms (Views: 1.5ms | Allocations: 15742)


Started GET "/repositories/golemfactory/clay/commit/a1bf367b3af680b1182cc52bb77ba095764a11f9" for ::1 at 2023-11-27 17:18:30 +0530
Processing by CommitsController#show as */*
  Parameters: {"owner"=>"golemfactory", "repository"=>"clay", "commit_sha"=>"a1bf367b3af680b1182cc52bb77ba095764a11f9"}
Completed 200 OK in 559688ms (Views: 2.5ms | Allocations: 127629)


Started GET "/repositories/golemfactory/clay/commit/a1bf367b3af680b1182cc52bb77ba095764a11f9" for ::1 at 2023-11-27 18:17:14 +0530
  [1m[35m (0.4ms)[0m  [1m[34mSELECT sqlite_version(*)[0m
Processing by CommitsController#show as */*
  Parameters: {"owner"=>"golemfactory", "repository"=>"clay", "commit_sha"=>"a1bf367b3af680b1182cc52bb77ba095764a11f9"}
Completed 200 OK in 1945ms (Views: 1.5ms | ActiveRecord: 0.0ms | Allocations: 38910)


Started GET "/repositories/golemfactory/clay/commit/a1bf367b3af680b1182cc52bb77ba095764a11f9" for ::1 at 2023-11-27 18:20:22 +0530
Processing by CommitsController#show as */*
  Parameters: {"owner"=>"golemfactory", "repository"=>"clay", "commit_sha"=>"a1bf367b3af680b1182cc52bb77ba095764a11f9"}
Completed 200 OK in 1711ms (Views: 0.7ms | Allocations: 15237)


Started GET "/repositories/golemfactory/clay/commit/a1bf367b3af680b1182cc52bb77ba095764a11f9" for ::1 at 2023-11-27 18:22:26 +0530
Processing by CommitsController#show as */*
  Parameters: {"owner"=>"golemfactory", "repository"=>"clay", "commit_sha"=>"a1bf367b3af680b1182cc52bb77ba095764a11f9"}
Completed 200 OK in 351123ms (Views: 2.3ms | Allocations: 61237)


Started GET "/repositories/golemfactory/clay/commit/a1bf367b3af680b1182cc52bb77ba095764a11f9" for ::1 at 2023-11-27 18:34:46 +0530
Processing by CommitsController#show as */*
  Parameters: {"owner"=>"golemfactory", "repository"=>"clay", "commit_sha"=>"a1bf367b3af680b1182cc52bb77ba095764a11f9"}
Completed 200 OK in 401163ms (Views: 4.8ms | Allocations: 366567)


Started GET "/repositories/golemfactory/clay/commit/a1bf367b3af680b1182cc52bb77ba095764a11f9" for ::1 at 2023-11-27 18:42:07 +0530
  [1m[35m (0.4ms)[0m  [1m[34mSELECT sqlite_version(*)[0m
Processing by CommitsController#show as */*
  Parameters: {"owner"=>"golemfactory", "repository"=>"clay", "commit_sha"=>"a1bf367b3af680b1182cc52bb77ba095764a11f9"}
Completed 200 OK in 5687176ms (Views: 5.9ms | ActiveRecord: 0.0ms | Allocations: 98480)


Started GET "/repositories/golemfactory/clay/commit/a1bf367b3af680b1182cc52bb77ba095764a11f9" for ::1 at 2023-11-28 11:18:37 +0530
  [1m[35m (0.4ms)[0m  [1m[34mSELECT sqlite_version(*)[0m
Processing by CommitsController#show as */*
  Parameters: {"owner"=>"golemfactory", "repository"=>"clay", "commit_sha"=>"a1bf367b3af680b1182cc52bb77ba095764a11f9"}
Completed 200 OK in 1407ms (Views: 1.5ms | ActiveRecord: 0.0ms | Allocations: 39179)


Started GET "/repositories/golemfactory/clay/commit/a1bf367b3af680b1182cc52bb77ba095764a11f9" for ::1 at 2023-11-28 11:18:48 +0530
Processing by CommitsController#show as */*
  Parameters: {"owner"=>"golemfactory", "repository"=>"clay", "commit_sha"=>"a1bf367b3af680b1182cc52bb77ba095764a11f9"}
Completed 200 OK in 863ms (Views: 1.6ms | ActiveRecord: 0.0ms | Allocations: 15699)


Started GET "/repositories/golemfactory/clay/commit/a1bf367b3af680b1182cc52bb77ba095764a11f9" for ::1 at 2023-11-28 11:19:21 +0530
  [1m[35m (0.2ms)[0m  [1m[34mSELECT sqlite_version(*)[0m
Processing by CommitsController#show as */*
  Parameters: {"owner"=>"golemfactory", "repository"=>"clay", "commit_sha"=>"a1bf367b3af680b1182cc52bb77ba095764a11f9"}
Completed 500 Internal Server Error in 262677ms (ActiveRecord: 0.0ms | Allocations: 377222)


  
SystemExit (exit):
  
(byebug):1:in `exit'
(byebug):1:in `block in format_patch'
app/controllers/commits_controller.rb:57:in `block in format_patch'
app/controllers/commits_controller.rb:55:in `each'
app/controllers/commits_controller.rb:55:in `format_patch'
app/controllers/commits_controller.rb:10:in `block in show'
app/controllers/commits_controller.rb:8:in `map'
app/controllers/commits_controller.rb:8:in `show'
Started GET "/repositories/golemfactory/clay/commit/a1bf367b3af680b1182cc52bb77ba095764a11f9" for ::1 at 2023-11-28 11:27:43 +0530
  [1m[35m (0.3ms)[0m  [1m[34mSELECT sqlite_version(*)[0m
Processing by CommitsController#show as */*
  Parameters: {"owner"=>"golemfactory", "repository"=>"clay", "commit_sha"=>"a1bf367b3af680b1182cc52bb77ba095764a11f9"}
Completed 200 OK in 23170ms (Views: 10.4ms | ActiveRecord: 0.0ms | Allocations: 908891)


Started GET "/repositories/golemfactory/clay/commit/a1bf367b3af680b1182cc52bb77ba095764a11f9" for ::1 at 2023-11-28 11:31:10 +0530
Processing by CommitsController#show as */*
  Parameters: {"owner"=>"golemfactory", "repository"=>"clay", "commit_sha"=>"a1bf367b3af680b1182cc52bb77ba095764a11f9"}
Completed 200 OK in 3041ms (Views: 8.7ms | Allocations: 21691)


Started GET "/repositories/golemfactory/clay/commit/a1bf367b3af680b1182cc52bb77ba095764a11f9" for ::1 at 2023-11-28 11:32:40 +0530
Processing by CommitsController#show as */*
  Parameters: {"owner"=>"golemfactory", "repository"=>"clay", "commit_sha"=>"a1bf367b3af680b1182cc52bb77ba095764a11f9"}
Completed 200 OK in 2055ms (Views: 2.8ms | Allocations: 21271)


Started GET "/repositories/golemfactory/clay/commit/a1bf367b3af680b1182cc52bb77ba095764a11f9" for ::1 at 2023-11-28 11:35:40 +0530
Processing by CommitsController#show as */*
  Parameters: {"owner"=>"golemfactory", "repository"=>"clay", "commit_sha"=>"a1bf367b3af680b1182cc52bb77ba095764a11f9"}
Completed 200 OK in 1211ms (Views: 5.4ms | Allocations: 21415)


Started GET "/repositories/golemfactory/clay/commit/a1bf367b3af680b1182cc52bb77ba095764a11f9" for ::1 at 2023-11-28 11:38:10 +0530
Processing by CommitsController#show as */*
  Parameters: {"owner"=>"golemfactory", "repository"=>"clay", "commit_sha"=>"a1bf367b3af680b1182cc52bb77ba095764a11f9"}
Completed 200 OK in 1531ms (Views: 5.6ms | Allocations: 21457)


Started GET "/repositories/golemfactory/clay/commit/a1bf367b3af680b1182cc52bb77ba095764a11f9" for ::1 at 2023-11-28 11:39:30 +0530
Processing by CommitsController#show as */*
  Parameters: {"owner"=>"golemfactory", "repository"=>"clay", "commit_sha"=>"a1bf367b3af680b1182cc52bb77ba095764a11f9"}
Completed 200 OK in 1778ms (Views: 3.1ms | Allocations: 21402)


Started GET "/repositories/golemfactory/clay/commit/a1bf367b3af680b1182cc52bb77ba095764a11f9" for ::1 at 2023-11-28 11:40:51 +0530
Processing by CommitsController#show as */*
  Parameters: {"owner"=>"golemfactory", "repository"=>"clay", "commit_sha"=>"a1bf367b3af680b1182cc52bb77ba095764a11f9"}
Completed 200 OK in 1687ms (Views: 4.9ms | Allocations: 21011)


Started GET "/repositories/golemfactory/clay/commit/a1bf367b3af680b1182cc52bb77ba095764a11f9" for ::1 at 2023-11-28 11:42:05 +0530
Processing by CommitsController#show as */*
  Parameters: {"owner"=>"golemfactory", "repository"=>"clay", "commit_sha"=>"a1bf367b3af680b1182cc52bb77ba095764a11f9"}
Completed 200 OK in 1583ms (Views: 1.9ms | Allocations: 21353)


Started GET "/repositories/golemfactory/clay/commit/a1bf367b3af680b1182cc52bb77ba095764a11f9" for ::1 at 2023-11-28 11:43:06 +0530
Processing by CommitsController#show as */*
  Parameters: {"owner"=>"golemfactory", "repository"=>"clay", "commit_sha"=>"a1bf367b3af680b1182cc52bb77ba095764a11f9"}
Completed 200 OK in 1600ms (Views: 6.2ms | Allocations: 21411)


Started GET "/repositories/golemfactory/clay/commit/a1bf367b3af680b1182cc52bb77ba095764a11f9" for ::1 at 2023-11-28 11:44:41 +0530
Processing by CommitsController#show as */*
  Parameters: {"owner"=>"golemfactory", "repository"=>"clay", "commit_sha"=>"a1bf367b3af680b1182cc52bb77ba095764a11f9"}
Completed 200 OK in 174428ms (Views: 10.2ms | Allocations: 517498)


Started GET "/repositories/golemfactory/clay/commit/a1bf367b3af680b1182cc52bb77ba095764a11f9" for ::1 at 2023-11-28 12:26:26 +0530
  [1m[35m (0.2ms)[0m  [1m[34mSELECT sqlite_version(*)[0m
Processing by CommitsController#show as */*
  Parameters: {"owner"=>"golemfactory", "repository"=>"clay", "commit_sha"=>"a1bf367b3af680b1182cc52bb77ba095764a11f9"}
Completed 200 OK in 1352ms (Views: 5.7ms | ActiveRecord: 0.0ms | Allocations: 45148)


Started GET "/repositories/golemfactory/clay/commit/a1bf367b3af680b1182cc52bb77ba095764a11f9" for ::1 at 2023-11-28 12:32:08 +0530
Processing by CommitsController#show as */*
  Parameters: {"owner"=>"golemfactory", "repository"=>"clay", "commit_sha"=>"a1bf367b3af680b1182cc52bb77ba095764a11f9"}
Completed 200 OK in 1274ms (Views: 5.7ms | Allocations: 21986)


Started GET "/repositories/golemfactory/clay/commit/a1bf367b3af680b1182cc52bb77ba095764a11f9" for ::1 at 2023-11-28 12:32:52 +0530
Processing by CommitsController#show as */*
  Parameters: {"owner"=>"golemfactory", "repository"=>"clay", "commit_sha"=>"a1bf367b3af680b1182cc52bb77ba095764a11f9"}
Completed 200 OK in 1749ms (Views: 10.2ms | Allocations: 21910)


Started GET "/repositories/golemfactory/clay/commit/a1bf367b3af680b1182cc52bb77ba095764a11f9" for ::1 at 2023-11-28 12:33:51 +0530
Processing by CommitsController#show as */*
  Parameters: {"owner"=>"golemfactory", "repository"=>"clay", "commit_sha"=>"a1bf367b3af680b1182cc52bb77ba095764a11f9"}
Completed 200 OK in 6873ms (Views: 5.8ms | Allocations: 21391)


Started GET "/repositories/golemfactory/clay/commit/a1bf367b3af680b1182cc52bb77ba095764a11f9" for ::1 at 2023-11-28 12:35:06 +0530
Processing by CommitsController#show as */*
  Parameters: {"owner"=>"golemfactory", "repository"=>"clay", "commit_sha"=>"a1bf367b3af680b1182cc52bb77ba095764a11f9"}
Completed 200 OK in 1665ms (Views: 6.2ms | Allocations: 21540)


Started GET "/repositories/golemfactory/clay/commit/a1bf367b3af680b1182cc52bb77ba095764a11f9" for ::1 at 2023-11-28 12:37:16 +0530
Processing by CommitsController#show as */*
  Parameters: {"owner"=>"golemfactory", "repository"=>"clay", "commit_sha"=>"a1bf367b3af680b1182cc52bb77ba095764a11f9"}
Completed   in 104230ms (Allocations: 219273)


Started GET "/repositories/golemfactory/clay/commit/a1bf367b3af680b1182cc52bb77ba095764a11f9" for ::1 at 2023-11-28 12:39:13 +0530
  [1m[35m (0.2ms)[0m  [1m[34mSELECT sqlite_version(*)[0m
Processing by CommitsController#show as */*
  Parameters: {"owner"=>"golemfactory", "repository"=>"clay", "commit_sha"=>"a1bf367b3af680b1182cc52bb77ba095764a11f9"}
Completed   in 125052ms (ActiveRecord: 0.0ms | Allocations: 1590320)


Started GET "/repositories/golemfactory/clay/commit/a1bf367b3af680b1182cc52bb77ba095764a11f9" for ::1 at 2023-11-28 12:41:43 +0530
  [1m[35m (0.2ms)[0m  [1m[34mSELECT sqlite_version(*)[0m
Processing by CommitsController#show as */*
  Parameters: {"owner"=>"golemfactory", "repository"=>"clay", "commit_sha"=>"a1bf367b3af680b1182cc52bb77ba095764a11f9"}
Completed 200 OK in 1942ms (Views: 6.3ms | ActiveRecord: 0.0ms | Allocations: 44603)


Started GET "/repositories/golemfactory/clay/commit/a1bf367b3af680b1182cc52bb77ba095764a11f9" for ::1 at 2023-11-28 12:53:01 +0530
Processing by CommitsController#show as */*
  Parameters: {"owner"=>"golemfactory", "repository"=>"clay", "commit_sha"=>"a1bf367b3af680b1182cc52bb77ba095764a11f9"}
Completed 200 OK in 1242ms (Views: 5.8ms | Allocations: 21426)


Started GET "/repositories/golemfactory/clay/commit/a1bf367b3af680b1182cc52bb77ba095764a11f9" for ::1 at 2023-11-28 13:09:41 +0530
Processing by CommitsController#show as */*
  Parameters: {"owner"=>"golemfactory", "repository"=>"clay", "commit_sha"=>"a1bf367b3af680b1182cc52bb77ba095764a11f9"}
Completed 500 Internal Server Error in 1961ms (Allocations: 14632)


  
NoMethodError (undefined method `<<' for nil:NilClass):
  
app/controllers/commits_controller.rb:49:in `block in format_patch'
app/controllers/commits_controller.rb:32:in `each'
app/controllers/commits_controller.rb:32:in `format_patch'
app/controllers/commits_controller.rb:17:in `block in process_files'
app/controllers/commits_controller.rb:15:in `map'
app/controllers/commits_controller.rb:15:in `process_files'
app/controllers/commits_controller.rb:6:in `show'
Started GET "/repositories/golemfactory/clay/commit/a1bf367b3af680b1182cc52bb77ba095764a11f9" for ::1 at 2023-11-28 13:11:07 +0530
Processing by CommitsController#show as */*
  Parameters: {"owner"=>"golemfactory", "repository"=>"clay", "commit_sha"=>"a1bf367b3af680b1182cc52bb77ba095764a11f9"}
Completed 200 OK in 1404ms (Views: 5.3ms | Allocations: 21438)


Started GET "/repositories/golemfactory/clay/commit/a1bf367b3af680b1182cc52bb77ba095764a11f9" for ::1 at 2023-11-28 13:12:28 +0530
Processing by CommitsController#show as */*
  Parameters: {"owner"=>"golemfactory", "repository"=>"clay", "commit_sha"=>"a1bf367b3af680b1182cc52bb77ba095764a11f9"}
Completed 500 Internal Server Error in 1591ms (Allocations: 14677)


  
NoMethodError (undefined method `<<' for nil:NilClass):
  
app/controllers/commits_controller.rb:46:in `block in format_patch'
app/controllers/commits_controller.rb:29:in `each'
app/controllers/commits_controller.rb:29:in `format_patch'
app/controllers/commits_controller.rb:7:in `block in show'
app/controllers/commits_controller.rb:5:in `map'
app/controllers/commits_controller.rb:5:in `show'
Started GET "/repositories/golemfactory/clay/commit/a1bf367b3af680b1182cc52bb77ba095764a11f9" for ::1 at 2023-11-28 13:14:22 +0530
Processing by CommitsController#show as */*
  Parameters: {"owner"=>"golemfactory", "repository"=>"clay", "commit_sha"=>"a1bf367b3af680b1182cc52bb77ba095764a11f9"}
Completed 200 OK in 1715ms (Views: 1.9ms | Allocations: 17064)


Started GET "/repositories/golemfactory/clay/commit/a1bf367b3af680b1182cc52bb77ba095764a11f9" for ::1 at 2023-11-28 13:49:38 +0530
Processing by CommitsController#show as */*
  Parameters: {"owner"=>"golemfactory", "repository"=>"clay", "commit_sha"=>"a1bf367b3af680b1182cc52bb77ba095764a11f9"}
Completed 500 Internal Server Error in 1834ms (Allocations: 14239)


  
ArgumentError (invalid value for Integer(): " import typing"):
  
app/controllers/commits_controller.rb:39:in `%'
app/controllers/commits_controller.rb:39:in `block in format_patch'
app/controllers/commits_controller.rb:24:in `each'
app/controllers/commits_controller.rb:24:in `format_patch'
app/controllers/commits_controller.rb:13:in `block in process_files'
app/controllers/commits_controller.rb:11:in `map'
app/controllers/commits_controller.rb:11:in `process_files'
app/controllers/commits_controller.rb:5:in `show'
Started GET "/repositories/golemfactory/clay/commit/a1bf367b3af680b1182cc52bb77ba095764a11f9" for ::1 at 2023-11-28 13:50:44 +0530
Processing by CommitsController#show as */*
  Parameters: {"owner"=>"golemfactory", "repository"=>"clay", "commit_sha"=>"a1bf367b3af680b1182cc52bb77ba095764a11f9"}
Completed 500 Internal Server Error in 1330ms (Allocations: 14299)


  
ArgumentError (invalid value for Integer(): " import typing"):
  
app/controllers/commits_controller.rb:40:in `%'
app/controllers/commits_controller.rb:40:in `block in format_patch'
app/controllers/commits_controller.rb:24:in `each'
app/controllers/commits_controller.rb:24:in `format_patch'
app/controllers/commits_controller.rb:13:in `block in process_files'
app/controllers/commits_controller.rb:11:in `map'
app/controllers/commits_controller.rb:11:in `process_files'
app/controllers/commits_controller.rb:5:in `show'
Started GET "/repositories/golemfactory/clay/commit/a1bf367b3af680b1182cc52bb77ba095764a11f9" for ::1 at 2023-11-28 13:51:32 +0530
Processing by CommitsController#show as */*
  Parameters: {"owner"=>"golemfactory", "repository"=>"clay", "commit_sha"=>"a1bf367b3af680b1182cc52bb77ba095764a11f9"}
Completed 200 OK in 1026ms (Views: 2.1ms | Allocations: 17063)


Started GET "/repositories/golemfactory/clay/commit/a1bf367b3af680b1182cc52bb77ba095764a11f9" for ::1 at 2023-11-28 13:56:20 +0530
Processing by CommitsController#show as */*
  Parameters: {"owner"=>"golemfactory", "repository"=>"clay", "commit_sha"=>"a1bf367b3af680b1182cc52bb77ba095764a11f9"}
Completed 200 OK in 1060ms (Views: 2.2ms | Allocations: 17021)


Started GET "/repositories/golemfactory/clay/commit/a1bf367b3af680b1182cc52bb77ba095764a11f9" for ::1 at 2023-11-28 13:57:51 +0530
Processing by CommitsController#show as */*
  Parameters: {"owner"=>"golemfactory", "repository"=>"clay", "commit_sha"=>"a1bf367b3af680b1182cc52bb77ba095764a11f9"}
Completed 200 OK in 411973ms (Views: 1.1ms | Allocations: 500562)


Started GET "/repositories/golemfactory/clay/commit/a1bf367b3af680b1182cc52bb77ba095764a11f9" for ::1 at 2023-11-28 14:04:47 +0530
Processing by CommitsController#show as */*
  Parameters: {"owner"=>"golemfactory", "repository"=>"clay", "commit_sha"=>"a1bf367b3af680b1182cc52bb77ba095764a11f9"}
Completed 200 OK in 166872ms (Views: 2.9ms | Allocations: 455806)


Started GET "/repositories/golemfactory/clay/commit/a1bf367b3af680b1182cc52bb77ba095764a11f9" for ::1 at 2023-11-28 14:09:19 +0530
Processing by CommitsController#show as */*
  Parameters: {"owner"=>"golemfactory", "repository"=>"clay", "commit_sha"=>"a1bf367b3af680b1182cc52bb77ba095764a11f9"}
Completed 200 OK in 266022ms (Views: 5.9ms | Allocations: 2430802)


Started GET "/repositories/golemfactory/clay/commit/a1bf367b3af680b1182cc52bb77ba095764a11f9" for ::1 at 2023-11-28 14:14:56 +0530
Processing by CommitsController#show as */*
  Parameters: {"owner"=>"golemfactory", "repository"=>"clay", "commit_sha"=>"a1bf367b3af680b1182cc52bb77ba095764a11f9"}
Started GET "/repositories/golemfactory/clay/commit/a1bf367b3af680b1182cc52bb77ba095764a11f9" for ::1 at 2023-11-28 14:17:04 +0530
Completed 500 Internal Server Error in 128380ms (Allocations: 853740)


  
NoMethodError (undefined method `+' for nil:NilClass):
  
app/controllers/commits_controller.rb:37:in `block in format_patch'
app/controllers/commits_controller.rb:25:in `each'
app/controllers/commits_controller.rb:25:in `format_patch'
app/controllers/commits_controller.rb:13:in `block in process_files'
app/controllers/commits_controller.rb:11:in `map'
app/controllers/commits_controller.rb:11:in `process_files'
app/controllers/commits_controller.rb:5:in `show'
Processing by CommitsController#show as */*
  Parameters: {"owner"=>"golemfactory", "repository"=>"clay", "commit_sha"=>"a1bf367b3af680b1182cc52bb77ba095764a11f9"}
Completed 500 Internal Server Error in 1421ms (Allocations: 14307)


  
ArgumentError (invalid value for Integer(): "@@"):
  
app/controllers/commits_controller.rb:37:in `%'
app/controllers/commits_controller.rb:37:in `block in format_patch'
app/controllers/commits_controller.rb:25:in `each'
app/controllers/commits_controller.rb:25:in `format_patch'
app/controllers/commits_controller.rb:13:in `block in process_files'
app/controllers/commits_controller.rb:11:in `map'
app/controllers/commits_controller.rb:11:in `process_files'
app/controllers/commits_controller.rb:5:in `show'
Started GET "/repositories/golemfactory/clay/commit/a1bf367b3af680b1182cc52bb77ba095764a11f9" for ::1 at 2023-11-28 14:17:57 +0530
Processing by CommitsController#show as */*
  Parameters: {"owner"=>"golemfactory", "repository"=>"clay", "commit_sha"=>"a1bf367b3af680b1182cc52bb77ba095764a11f9"}
Completed 500 Internal Server Error in 1326ms (Allocations: 14287)


  
ArgumentError (invalid value for Integer(): "@"):
  
app/controllers/commits_controller.rb:37:in `%'
app/controllers/commits_controller.rb:37:in `block in format_patch'
app/controllers/commits_controller.rb:25:in `each'
app/controllers/commits_controller.rb:25:in `format_patch'
app/controllers/commits_controller.rb:13:in `block in process_files'
app/controllers/commits_controller.rb:11:in `map'
app/controllers/commits_controller.rb:11:in `process_files'
app/controllers/commits_controller.rb:5:in `show'
Started GET "/repositories/golemfactory/clay/commit/a1bf367b3af680b1182cc52bb77ba095764a11f9" for ::1 at 2023-11-28 14:19:17 +0530
Processing by CommitsController#show as */*
  Parameters: {"owner"=>"golemfactory", "repository"=>"clay", "commit_sha"=>"a1bf367b3af680b1182cc52bb77ba095764a11f9"}
Completed 500 Internal Server Error in 4068ms (Allocations: 14700)


  
NoMethodError (undefined method `+' for nil:NilClass):
  
app/controllers/commits_controller.rb:30:in `block in format_patch'
app/controllers/commits_controller.rb:25:in `each'
app/controllers/commits_controller.rb:25:in `format_patch'
app/controllers/commits_controller.rb:13:in `block in process_files'
app/controllers/commits_controller.rb:11:in `map'
app/controllers/commits_controller.rb:11:in `process_files'
app/controllers/commits_controller.rb:5:in `show'
Started GET "/repositories/golemfactory/clay/commit/a1bf367b3af680b1182cc52bb77ba095764a11f9" for ::1 at 2023-11-28 14:20:10 +0530
Processing by CommitsController#show as */*
  Parameters: {"owner"=>"golemfactory", "repository"=>"clay", "commit_sha"=>"a1bf367b3af680b1182cc52bb77ba095764a11f9"}
Completed 500 Internal Server Error in 127081ms (Allocations: 685482)


  
NoMethodError (undefined method `+' for nil:NilClass):
  
app/controllers/commits_controller.rb:31:in `block in format_patch'
app/controllers/commits_controller.rb:25:in `each'
app/controllers/commits_controller.rb:25:in `format_patch'
app/controllers/commits_controller.rb:13:in `block in process_files'
app/controllers/commits_controller.rb:11:in `map'
app/controllers/commits_controller.rb:11:in `process_files'
app/controllers/commits_controller.rb:5:in `show'
Started GET "/repositories/golemfactory/clay/commit/a1bf367b3af680b1182cc52bb77ba095764a11f9" for ::1 at 2023-11-28 14:22:47 +0530
Processing by CommitsController#show as */*
  Parameters: {"owner"=>"golemfactory", "repository"=>"clay", "commit_sha"=>"a1bf367b3af680b1182cc52bb77ba095764a11f9"}
Completed 200 OK in 1168ms (Views: 2.4ms | Allocations: 17255)


Started GET "/repositories/golemfactory/clay/commit/a1bf367b3af680b1182cc52bb77ba095764a11f9" for ::1 at 2023-11-28 14:27:55 +0530
Processing by CommitsController#show as */*
  Parameters: {"owner"=>"golemfactory", "repository"=>"clay", "commit_sha"=>"a1bf367b3af680b1182cc52bb77ba095764a11f9"}
Completed 200 OK in 1128ms (Views: 2.6ms | Allocations: 17188)


Started GET "/repositories/golemfactory/clay/commit/a1bf367b3af680b1182cc52bb77ba095764a11f9" for ::1 at 2023-11-28 14:30:16 +0530
Processing by CommitsController#show as */*
  Parameters: {"owner"=>"golemfactory", "repository"=>"clay", "commit_sha"=>"a1bf367b3af680b1182cc52bb77ba095764a11f9"}
Completed 200 OK in 1776ms (Views: 2.4ms | Allocations: 17208)


Started GET "/repositories/golemfactory/clay/commit/a1bf367b3af680b1182cc52bb77ba095764a11f9" for ::1 at 2023-11-28 14:30:59 +0530
Processing by CommitsController#show as */*
  Parameters: {"owner"=>"golemfactory", "repository"=>"clay", "commit_sha"=>"a1bf367b3af680b1182cc52bb77ba095764a11f9"}
Completed 200 OK in 97346ms (Views: 2.7ms | Allocations: 303768)


Started GET "/repositories/golemfactory/clay/commit/a1bf367b3af680b1182cc52bb77ba095764a11f9" for ::1 at 2023-11-28 14:32:40 +0530
Processing by CommitsController#show as */*
  Parameters: {"owner"=>"golemfactory", "repository"=>"clay", "commit_sha"=>"a1bf367b3af680b1182cc52bb77ba095764a11f9"}
Completed 200 OK in 4441ms (Views: 4.1ms | Allocations: 221164)


Started GET "/repositories/golemfactory/clay/commit/a1bf367b3af680b1182cc52bb77ba095764a11f9" for ::1 at 2023-11-28 14:33:40 +0530
Processing by CommitsController#show as */*
  Parameters: {"owner"=>"golemfactory", "repository"=>"clay", "commit_sha"=>"a1bf367b3af680b1182cc52bb77ba095764a11f9"}
Completed 200 OK in 13327ms (Views: 4.3ms | Allocations: 221740)


Started GET "/repositories/golemfactory/clay/commit/a1bf367b3af680b1182cc52bb77ba095764a11f9" for ::1 at 2023-11-28 14:35:11 +0530
Processing by CommitsController#show as */*
  Parameters: {"owner"=>"golemfactory", "repository"=>"clay", "commit_sha"=>"a1bf367b3af680b1182cc52bb77ba095764a11f9"}
Completed 200 OK in 1011ms (Views: 1.7ms | Allocations: 17226)


Started GET "/repositories/golemfactory/clay/commit/a1bf367b3af680b1182cc52bb77ba095764a11f9" for ::1 at 2023-11-28 14:36:04 +0530
Processing by CommitsController#show as */*
  Parameters: {"owner"=>"golemfactory", "repository"=>"clay", "commit_sha"=>"a1bf367b3af680b1182cc52bb77ba095764a11f9"}
Completed 200 OK in 1272ms (Views: 2.4ms | Allocations: 17229)


Started GET "/repositories/golemfactory/clay/commit/a1bf367b3af680b1182cc52bb77ba095764a11f9" for ::1 at 2023-11-28 14:36:40 +0530
Processing by CommitsController#show as */*
  Parameters: {"owner"=>"golemfactory", "repository"=>"clay", "commit_sha"=>"a1bf367b3af680b1182cc52bb77ba095764a11f9"}
Completed 500 Internal Server Error in 1471ms (Allocations: 14357)


  
ArgumentError (invalid value for Integer(): ""):
  
app/controllers/commits_controller.rb:33:in `%'
app/controllers/commits_controller.rb:33:in `block in format_patch'
app/controllers/commits_controller.rb:25:in `each'
app/controllers/commits_controller.rb:25:in `format_patch'
app/controllers/commits_controller.rb:13:in `block in process_files'
app/controllers/commits_controller.rb:11:in `map'
app/controllers/commits_controller.rb:11:in `process_files'
app/controllers/commits_controller.rb:5:in `show'
Started GET "/repositories/golemfactory/clay/commit/a1bf367b3af680b1182cc52bb77ba095764a11f9" for ::1 at 2023-11-28 14:36:59 +0530
Processing by CommitsController#show as */*
  Parameters: {"owner"=>"golemfactory", "repository"=>"clay", "commit_sha"=>"a1bf367b3af680b1182cc52bb77ba095764a11f9"}
Completed 200 OK in 514ms (Views: 2.6ms | Allocations: 17212)


Started GET "/repositories/golemfactory/clay/commit/a1bf367b3af680b1182cc52bb77ba095764a11f9" for ::1 at 2023-11-28 14:37:48 +0530
Processing by CommitsController#show as */*
  Parameters: {"owner"=>"golemfactory", "repository"=>"clay", "commit_sha"=>"a1bf367b3af680b1182cc52bb77ba095764a11f9"}
Completed 200 OK in 128641ms (Views: 5.1ms | Allocations: 327709)


Started GET "/repositories/golemfactory/clay/commit/a1bf367b3af680b1182cc52bb77ba095764a11f9" for ::1 at 2023-11-28 14:40:13 +0530
Processing by CommitsController#show as */*
  Parameters: {"owner"=>"golemfactory", "repository"=>"clay", "commit_sha"=>"a1bf367b3af680b1182cc52bb77ba095764a11f9"}
Completed 200 OK in 1085ms (Views: 0.9ms | Allocations: 17233)


Started GET "/repositories/golemfactory/clay/commit/a1bf367b3af680b1182cc52bb77ba095764a11f9" for ::1 at 2023-11-28 14:41:09 +0530
Processing by CommitsController#show as */*
  Parameters: {"owner"=>"golemfactory", "repository"=>"clay", "commit_sha"=>"a1bf367b3af680b1182cc52bb77ba095764a11f9"}
Completed 200 OK in 1046ms (Views: 2.5ms | Allocations: 17193)


Started GET "/repositories/golemfactory/clay/commit/a1bf367b3af680b1182cc52bb77ba095764a11f9" for ::1 at 2023-11-28 14:41:56 +0530
Processing by CommitsController#show as */*
  Parameters: {"owner"=>"golemfactory", "repository"=>"clay", "commit_sha"=>"a1bf367b3af680b1182cc52bb77ba095764a11f9"}
Completed 200 OK in 1501ms (Views: 2.1ms | Allocations: 17193)


Started GET "/repositories/golemfactory/clay/commit/a1bf367b3af680b1182cc52bb77ba095764a11f9" for ::1 at 2023-11-28 14:42:40 +0530
Processing by CommitsController#show as */*
  Parameters: {"owner"=>"golemfactory", "repository"=>"clay", "commit_sha"=>"a1bf367b3af680b1182cc52bb77ba095764a11f9"}
Completed 200 OK in 1276ms (Views: 3.0ms | Allocations: 17217)


Started GET "/repositories/golemfactory/clay/commit/a1bf367b3af680b1182cc52bb77ba095764a11f9" for ::1 at 2023-11-28 14:46:04 +0530
Processing by CommitsController#show as */*
  Parameters: {"owner"=>"golemfactory", "repository"=>"clay", "commit_sha"=>"a1bf367b3af680b1182cc52bb77ba095764a11f9"}
Completed 200 OK in 1542ms (Views: 2.5ms | Allocations: 17208)


Started GET "/repositories/golemfactory/clay/commit/a1bf367b3af680b1182cc52bb77ba095764a11f9" for ::1 at 2023-11-28 14:48:10 +0530
Processing by CommitsController#show as */*
  Parameters: {"owner"=>"golemfactory", "repository"=>"clay", "commit_sha"=>"a1bf367b3af680b1182cc52bb77ba095764a11f9"}
Completed 200 OK in 211269ms (Views: 4.3ms | Allocations: 210712)


Started GET "/repositories/golemfactory/clay/commit/a1bf367b3af680b1182cc52bb77ba095764a11f9" for ::1 at 2023-11-28 14:51:50 +0530
  [1m[35m (0.7ms)[0m  [1m[34mSELECT sqlite_version(*)[0m
Processing by CommitsController#show as */*
  Parameters: {"owner"=>"golemfactory", "repository"=>"clay", "commit_sha"=>"a1bf367b3af680b1182cc52bb77ba095764a11f9"}
Completed 200 OK in 5602ms (Views: 3.0ms | ActiveRecord: 0.0ms | Allocations: 214349)


Started GET "/repositories/golemfactory/clay/commit/a1bf367b3af680b1182cc52bb77ba095764a11f9" for ::1 at 2023-11-28 14:52:32 +0530
Processing by CommitsController#show as */*
  Parameters: {"owner"=>"golemfactory", "repository"=>"clay", "commit_sha"=>"a1bf367b3af680b1182cc52bb77ba095764a11f9"}
Completed 200 OK in 1369ms (Views: 2.8ms | Allocations: 17393)


